Reject Ho 

	Paired t-test

data:  d$V1 and d$V2
t = 6.2609, df = 31, p-value = 5.854e-07
alternative hypothesis: true difference in means is not equal to 0
95 percent confidence interval:
  61.9988 121.9075
sample estimates:
mean of the differences 
               91.95312 


	Paired t-test

data:  d$V1 and d$V3
t = 6.0363, df = 31, p-value = 1.107e-06
alternative hypothesis: true difference in means is not equal to 0
95 percent confidence interval:
  94.18733 190.31267
sample estimates:
mean of the differences 
                 142.25 


	Paired t-test

data:  d$V1 and d$V4
t = 11.018, df = 31, p-value = 3.015e-12
alternative hypothesis: true difference in means is not equal to 0
95 percent confidence interval:
 209.1197 304.1303
sample estimates:
mean of the differences 
                256.625 


	Paired t-test

data:  d$V2 and d$V3
t = 2.5385, df = 31, p-value = 0.01637
alternative hypothesis: true difference in means is not equal to 0
95 percent confidence interval:
  9.88743 90.70632
sample estimates:
mean of the differences 
               50.29688 


	Paired t-test

data:  d$V2 and d$V4
t = 10.853, df = 31, p-value = 4.382e-12
alternative hypothesis: true difference in means is not equal to 0
95 percent confidence interval:
 133.7258 195.6179
sample estimates:
mean of the differences 
               164.6719 


	Paired t-test

data:  d$V3 and d$V4
t = 7.2841, df = 31, p-value = 3.392e-08
alternative hypothesis: true difference in means is not equal to 0
95 percent confidence interval:
  82.35042 146.39958
sample estimates:
mean of the differences 
                114.375 

          V3    V1     V1
 [1,] -437.5  98.5  -81.5
 [2,] -533.0 139.0  101.0
 [3,] -327.5 132.5  118.5
 [4,] -464.0 332.0   12.0
 [5,] -249.0 161.0  109.0
 [6,]   75.0 331.0 -194.0
 [7,] -377.0 436.0  116.0
 [8,] -879.5 -34.5  229.5
 [9,] -265.0 321.0  -39.0
[10,] -456.0 252.0   44.0
[11,] -154.0 132.0  -28.0
[12,] -405.0 279.0 -103.0
[13,] -461.5 177.5  -85.5
[14,] -106.5 107.5   30.5
[15,] -299.0 182.0   24.0
[16,] -441.5 505.5  133.5
[17,] -232.5 149.5  -77.5
[18,]  -35.0  84.0  -95.0
[19,] -205.0  30.0  -36.0
[20,] -389.0 227.0  -55.0
[21,] -259.0 137.0 -123.0
[22,] -226.0  98.0  -20.0
[23,] -270.5 211.5 -191.5
[24,]  -12.0  20.0  -88.0
[25,] -141.5 114.5  -55.5
[26,] -228.0 149.0  -23.0
[27,] -740.5 269.5   29.5
[28,]  -46.5 180.5   -5.5
[29,] -376.5 296.5  -46.5
[30,] -283.0 353.0 -217.0
[31,] -147.5 123.5  -45.5
[32,] -448.0 607.0  -55.0
[1] "We can say that yes a multivariate normal distribution is a reasonable model for this data because the resulting data comes from a linear transformation of another multivariate normal distributed data."
